build/outputs/logs/manifest-merger-debug-report.txt
-- Merging decision tree log ---
manifest
ADDED from ViewPagerCycleTest\AndroidManifest.xml:2:1-30:12
	xmlns:android
		ADDED from ViewPagerCycleTest\AndroidManifest.xml:2:11-69
	package
		ADDED from ViewPagerCycleTest\AndroidManifest.xml:3:5-44
	android:versionName
		ADDED from ViewPagerCycleTest\AndroidManifest.xml:5:5-30
		INJECTED from ViewPagerCycleTest\AndroidManifest.xml
		INJECTED from ViewPagerCycleTest\AndroidManifest.xml
	android:versionCode
		ADDED from ViewPagerCycleTest\AndroidManifest.xml:4:5-28
		INJECTED from ViewPagerCycleTest\AndroidManifest.xml
		INJECTED from ViewPagerCycleTest\AndroidManifest.xml
uses-sdk
ADDED from ViewPagerCycleTest\AndroidManifest.xml:7:5-9:41
	android:targetSdkVersion
		ADDED from ViewPagerCycleTest\AndroidManifest.xml:9:9-38
	android:minSdkVersion
		ADDED from ViewPagerCycleTest\AndroidManifest.xml:8:9-34
uses-permission#android.permission.INTERNET
ADDED from ViewPagerCycleTest\AndroidManifest.xml:11:5-67
	android:name
		ADDED from ViewPagerCycleTest\AndroidManifest.xml:11:22-64
uses-permission#android.permission.WRITE_EXTERNAL_STORAGE
ADDED from ViewPagerCycleTest\AndroidManifest.xml:12:5-81
	android:name
		ADDED from ViewPagerCycleTest\AndroidManifest.xml:12:22-78
application
ADDED from ViewPagerCycleTest\AndroidManifest.xml:14:5-28:19
	android:label
		ADDED from ViewPagerCycleTest\AndroidManifest.xml:17:9-41
	android:allowBackup
		ADDED from ViewPagerCycleTest\AndroidManifest.xml:15:9-35
	android:icon
		ADDED from ViewPagerCycleTest\AndroidManifest.xml:16:9-45
	android:theme
		ADDED from ViewPagerCycleTest\AndroidManifest.xml:18:9-40
activity#com.wangf.android.phone.ui.MainActivity
ADDED from ViewPagerCycleTest\AndroidManifest.xml:19:9-27:20
	android:label
		ADDED from ViewPagerCycleTest\AndroidManifest.xml:21:13-45
	android:name
		ADDED from ViewPagerCycleTest\AndroidManifest.xml:20:13-67
intent-filter#android.intent.action.MAIN+android.intent.category.LAUNCHER
ADDED from ViewPagerCycleTest\AndroidManifest.xml:22:13-26:29
action#android.intent.action.MAIN
ADDED from ViewPagerCycleTest\AndroidManifest.xml:23:17-69
	android:name
		ADDED from ViewPagerCycleTest\AndroidManifest.xml:23:25-66
category#android.intent.category.LAUNCHER
ADDED from ViewPagerCycleTest\AndroidManifest.xml:25:17-77
	android:name
		ADDED from ViewPagerCycleTest\AndroidManifest.xml:25:27-74